

Version:	3.12
CmdLine:	D:\Jb_idea_java\git repo\mavenexp\target\DBTable.exe --l4j-debug
WOW64:		yes
Working dir:	D:\Jb_idea_java\git repo\mavenexp\target\.
Java min ver:	
Java max ver:	
Bundled JRE:	C:\Program Files\Java\jre1.8.0_181
Check launcher:	C:\Program Files\Java\jre1.8.0_181\bin\javaw.exe (OK)
Launcher:	C:\Program Files\Java\jre1.8.0_181\bin\javaw.exe
Launcher args:	-jar "D:\Jb_idea_java\git repo\mavenexp\target\DBTable.exe"
Args length:	59/32768 chars
Exit code:	0


Version:	3.12
CmdLine:	D:\Jb_idea_java\git repo\mavenexp\target\DBTable.exe --l4j-debug
WOW64:		yes
Working dir:	D:\Jb_idea_java\git repo\mavenexp\target\.
Java min ver:	
Java max ver:	
Bundled JRE:	C:\Program Files\Java\jre1.8.0_181
Check launcher:	C:\Program Files\Java\jre1.8.0_181\bin\javaw.exe (OK)
Launcher:	C:\Program Files\Java\jre1.8.0_181\bin\javaw.exe
Launcher args:	-jar "D:\Jb_idea_java\git repo\mavenexp\target\DBTable.exe"
Args length:	59/32768 chars
Exit code:	0
